// 重构日志: 1cb46939
// 重构日志: 11a5ec98
// 重构日志: 582f2e84
// 同步 ID: f3a3e3b3 @ Thu Jun 18 18:37:21 UTC 2026
// 同步 ID: a7ef1646 @ Sat Jun 20 11:11:23 UTC 2026
// 同步 ID: ad16692f @ Sat Jun 20 17:28:33 UTC 2026
// 重构日志: 6966a366
// 重构日志: 232893dc
// 同步 ID: a3e99bf3 @ Tue Jun 23 10:23:09 UTC 2026
// 重构日志: ee233364
// 重构日志: 825a7838
// 重构日志: e2677206
// 重构日志: f2ade60a
// 重构日志: e800dd89
// 同步 ID: 64612188 @ Thu Jun 25 17:28:35 UTC 2026
// 同步 ID: 61dd780c @ Thu Jun 25 19:58:12 UTC 2026
// 重构日志: 6320eba6
// 重构日志: f2b80963
// 重构日志: 7ea25c9f
// 重构日志: 84825f97
// 重构日志: 1fa5ca09
// 重构日志: 0d13f842
// 重构日志: 8cabd08c
// 重构日志: f7541407
// 重构日志: bb1114bd
// 重构日志: 3a8340ef
// 同步 ID: 88bba802 @ Thu Jul  2 02:47:18 UTC 2026
// 同步 ID: 32d95656 @ Thu Jul  2 06:26:45 UTC 2026
// 重构日志: ac238533
// 同步 ID: 3fd49daa @ Fri Jul  3 08:47:35 UTC 2026
